#
# There is insufficient memory for the Java Runtime Environment to continue.
# Native memory allocation (malloc) failed to allocate 356416 bytes. Error detail: Chunk::new
# Possible reasons:
#   The system is out of physical RAM or swap space
#   This process is running with CompressedOops enabled, and the Java Heap may be blocking the growth of the native heap
# Possible solutions:
#   Reduce memory load on the system
#   Increase physical memory or swap space
#   Check if swap backing store is full
#   Decrease Java heap size (-Xmx/-Xms)
#   Decrease number of Java threads
#   Decrease Java thread stack sizes (-Xss)
#   Set larger code cache with -XX:ReservedCodeCacheSize=
#   JVM is running with Unscaled Compressed Oops mode in which the Java heap is
#     placed in the first 4GB address space. The Java Heap base address is the
#     maximum limit for the native heap growth. Please use -XX:HeapBaseMinAddress
#     to set the Java Heap base and to place the Java Heap above 4GB virtual address.
# This output file may be truncated or incomplete.
#
#  Out of Memory Error (arena.cpp:168), pid=15712, tid=7060
#
# JRE version: OpenJDK Runtime Environment Temurin-21.0.7+6 (21.0.7+6) (build 21.0.7+6-LTS)
# Java VM: OpenJDK 64-Bit Server VM Temurin-21.0.7+6 (21.0.7+6-LTS, mixed mode, sharing, tiered, compressed oops, compressed class ptrs, parallel gc, windows-amd64)
# No core dump will be written. Minidumps are not enabled by default on client versions of Windows
#

---------------  S U M M A R Y ------------

Command Line: --add-modules=ALL-SYSTEM --add-opens=java.base/java.util=ALL-UNNAMED --add-opens=java.base/java.lang=ALL-UNNAMED --add-opens=java.base/sun.nio.fs=ALL-UNNAMED -Declipse.application=org.eclipse.jdt.ls.core.id1 -Dosgi.bundles.defaultStartLevel=4 -Declipse.product=org.eclipse.jdt.ls.core.product -Djava.import.generatesMetadataFilesAtProjectRoot=false -DDetectVMInstallationsJob.disabled=true -Dfile.encoding=utf8 -XX:+UseParallelGC -XX:GCTimeRatio=4 -XX:AdaptiveSizePolicyWeight=90 -Dsun.zip.disableMemoryMapping=true -Xmx1G -Xms100m -Xlog:disable -javaagent:c:\Users\Subash\.vscode\extensions\redhat.java-1.42.0-win32-x64\lombok\lombok-1.18.36.jar c:\Users\Subash\.vscode\extensions\redhat.java-1.42.0-win32-x64\server\plugins\org.eclipse.equinox.launcher_1.7.0.v20250424-1814.jar -configuration c:\Users\Subash\AppData\Roaming\Code\User\globalStorage\redhat.java\1.42.0\config_ss_win -data c:\Users\Subash\AppData\Roaming\Code\User\workspaceStorage\afb1d6bb405f97b6831364cd80ed9656\redhat.java\ss_ws --pipe=\\.\pipe\lsp-25a9c765556203c4722be7724ff99342-sock

Host: 11th Gen Intel(R) Core(TM) i5-1135G7 @ 2.40GHz, 8 cores, 7G,  Windows 11 , 64 bit Build 22621 (10.0.22621.5124)
Time: Sat May 31 09:55:25 2025 Pacific Daylight Time elapsed time: 1.244871 seconds (0d 0h 0m 1s)

---------------  T H R E A D  ---------------

Current thread (0x0000022da57591e0):  JavaThread "C2 CompilerThread0" daemon [_thread_in_native, id=7060, stack(0x000000a7bd300000,0x000000a7bd400000) (1024K)]


Current CompileTask:
C2:1244  667       4       lombok.patcher.PatchScript::classMatches (41 bytes)

Stack: [0x000000a7bd300000,0x000000a7bd400000]
Native frames: (J=compiled Java code, j=interpreted, Vv=VM code, C=native code)
V  [jvm.dll+0x6ce119]
V  [jvm.dll+0x8a84a1]
V  [jvm.dll+0x8aa9ce]
V  [jvm.dll+0x8ab0b3]
V  [jvm.dll+0x27f8a6]
V  [jvm.dll+0xc507d]
V  [jvm.dll+0xc55b3]
V  [jvm.dll+0x3b692c]
V  [jvm.dll+0x382aa5]
V  [jvm.dll+0x381f0a]
V  [jvm.dll+0x247af0]
V  [jvm.dll+0x2470cf]
V  [jvm.dll+0x1c760e]
V  [jvm.dll+0x25695a]
V  [jvm.dll+0x254efa]
V  [jvm.dll+0x3f03f6]
V  [jvm.dll+0x851f6b]
V  [jvm.dll+0x6cc7dd]
C  [ucrtbase.dll+0x29333]
C  [KERNEL32.DLL+0x1259d]
C  [ntdll.dll+0x5af38]


---------------  P R O C E S S  ---------------

Threads class SMR info:
_java_thread_list=0x0000022de8456a90, length=11, elements={
0x0000022d9139be80, 0x0000022da574b7b0, 0x0000022da574cfb0, 0x0000022da574e790,
0x0000022da574f950, 0x0000022da5754530, 0x0000022da5755f90, 0x0000022da57591e0,
0x0000022da578bbd0, 0x0000022de82d5e10, 0x0000022de850dc20
}

Java Threads: ( => current thread )
  0x0000022d9139be80 JavaThread "main"                              [_thread_in_vm, id=6268, stack(0x000000a7bc900000,0x000000a7bca00000) (1024K)]
  0x0000022da574b7b0 JavaThread "Reference Handler"          daemon [_thread_blocked, id=2732, stack(0x000000a7bcd00000,0x000000a7bce00000) (1024K)]
  0x0000022da574cfb0 JavaThread "Finalizer"                  daemon [_thread_blocked, id=16124, stack(0x000000a7bce00000,0x000000a7bcf00000) (1024K)]
  0x0000022da574e790 JavaThread "Signal Dispatcher"          daemon [_thread_blocked, id=21116, stack(0x000000a7bcf00000,0x000000a7bd000000) (1024K)]
  0x0000022da574f950 JavaThread "Attach Listener"            daemon [_thread_blocked, id=13040, stack(0x000000a7bd000000,0x000000a7bd100000) (1024K)]
  0x0000022da5754530 JavaThread "Service Thread"             daemon [_thread_blocked, id=2488, stack(0x000000a7bd100000,0x000000a7bd200000) (1024K)]
  0x0000022da5755f90 JavaThread "Monitor Deflation Thread"   daemon [_thread_blocked, id=19764, stack(0x000000a7bd200000,0x000000a7bd300000) (1024K)]
=>0x0000022da57591e0 JavaThread "C2 CompilerThread0"         daemon [_thread_in_native, id=7060, stack(0x000000a7bd300000,0x000000a7bd400000) (1024K)]
  0x0000022da578bbd0 JavaThread "C1 CompilerThread0"         daemon [_thread_blocked, id=13772, stack(0x000000a7bd400000,0x000000a7bd500000) (1024K)]
  0x0000022de82d5e10 JavaThread "Common-Cleaner"             daemon [_thread_blocked, id=19428, stack(0x000000a7bd500000,0x000000a7bd600000) (1024K)]
  0x0000022de850dc20 JavaThread "Notification Thread"        daemon [_thread_blocked, id=20644, stack(0x000000a7bd600000,0x000000a7bd700000) (1024K)]
Total: 11

Other Threads:
  0x0000022da57325d0 VMThread "VM Thread"                           [id=15580, stack(0x000000a7bcc00000,0x000000a7bcd00000) (1024K)]
  0x0000022d91407870 WatcherThread "VM Periodic Task Thread"        [id=22204, stack(0x000000a7bcb00000,0x000000a7bcc00000) (1024K)]
  0x0000022d913bb2a0 WorkerThread "GC Thread#0"                     [id=19584, stack(0x000000a7bca00000,0x000000a7bcb00000) (1024K)]
Total: 3

Threads with active compile tasks:
C2 CompilerThread0  1271  667       4       lombok.patcher.PatchScript::classMatches (41 bytes)
Total: 1

VM state: not at safepoint (normal execution)

VM Mutex/Monitor currently owned by a thread: None

Heap address: 0x00000000c0000000, size: 1024 MB, Compressed Oops mode: 32-bit

CDS archive(s) mapped at: [0x0000022da6000000-0x0000022da6ba0000-0x0000022da6ba0000), size 12189696, SharedBaseAddress: 0x0000022da6000000, ArchiveRelocationMode: 1.
Compressed class space mapped at: 0x0000022da7000000-0x0000022de7000000, reserved size: 1073741824
Narrow klass base: 0x0000022da6000000, Narrow klass shift: 0, Narrow klass range: 0x100000000

GC Precious Log:
 CardTable entry size: 512
 CPUs: 8 total, 8 available
 Memory: 7885M
 Large Page Support: Disabled
 NUMA Support: Disabled
 Compressed Oops: Enabled (32-bit)
 Alignments: Space 512K, Generation 512K, Heap 2M
 Heap Min Capacity: 100M
 Heap Initial Capacity: 100M
 Heap Max Capacity: 1G
 Pre-touch: Disabled
 Parallel Workers: 8

Heap:
 PSYoungGen      total 29696K, used 15467K [0x00000000eab00000, 0x00000000ecc00000, 0x0000000100000000)
  eden space 25600K, 60% used [0x00000000eab00000,0x00000000eba1af98,0x00000000ec400000)
  from space 4096K, 0% used [0x00000000ec800000,0x00000000ec800000,0x00000000ecc00000)
  to   space 4096K, 0% used [0x00000000ec400000,0x00000000ec400000,0x00000000ec800000)
 ParOldGen       total 68608K, used 0K [0x00000000c0000000, 0x00000000c4300000, 0x00000000eab00000)
  object space 68608K, 0% used [0x00000000c0000000,0x00000000c0000000,0x00000000c4300000)
 Metaspace       used 2948K, committed 3136K, reserved 1114112K
  class space    used 294K, committed 384K, reserved 1048576K

Card table byte_map: [0x0000022d90d40000,0x0000022d90f50000] _byte_map_base: 0x0000022d90740000

Marking Bits: (ParMarkBitMap*) 0x00007fffb0fc31f0
 Begin Bits: [0x0000022da3590000, 0x0000022da4590000)
 End Bits:   [0x0000022da4590000, 0x0000022da5590000)

Polling page: 0x0000022d8f250000

Metaspace:

Usage:
  Non-class:      2.59 MB used.
      Class:    294.33 KB used.
       Both:      2.88 MB used.

Virtual space:
  Non-class space:       64.00 MB reserved,       2.69 MB (  4%) committed,  1 nodes.
      Class space:        1.00 GB reserved,     384.00 KB ( <1%) committed,  1 nodes.
             Both:        1.06 GB reserved,       3.06 MB ( <1%) committed. 

Chunk freelists:
   Non-Class:  11.58 MB
       Class:  15.66 MB
        Both:  27.24 MB

MaxMetaspaceSize: unlimited
CompressedClassSpaceSize: 1.00 GB
Initial GC threshold: 21.00 MB
Current GC threshold: 21.00 MB
CDS: on
 - commit_granule_bytes: 65536.
 - commit_granule_words: 8192.
 - virtual_space_node_default_size: 8388608.
 - enlarge_chunks_in_place: 1.
 - use_allocation_guard: 0.


Internal statistics:

num_allocs_failed_limit: 0.
num_arena_births: 82.
num_arena_deaths: 0.
num_vsnodes_births: 2.
num_vsnodes_deaths: 0.
num_space_committed: 49.
num_space_uncommitted: 0.
num_chunks_returned_to_freelist: 0.
num_chunks_taken_from_freelist: 109.
num_chunk_merges: 0.
num_chunk_splits: 74.
num_chunks_enlarged: 47.
num_inconsistent_stats: 0.

CodeHeap 'non-profiled nmethods': size=120000Kb used=244Kb max_used=244Kb free=119755Kb
 bounds [0x0000022d9c060000, 0x0000022d9c2d0000, 0x0000022da3590000]
CodeHeap 'profiled nmethods': size=120000Kb used=1116Kb max_used=1116Kb free=118883Kb
 bounds [0x0000022d94590000, 0x0000022d94800000, 0x0000022d9bac0000]
CodeHeap 'non-nmethods': size=5760Kb used=1194Kb max_used=1207Kb free=4566Kb
 bounds [0x0000022d9bac0000, 0x0000022d9bd30000, 0x0000022d9c060000]
 total_blobs=1152 nmethods=710 adapters=349
 compilation: enabled
              stopped_count=0, restarted_count=0
 full_count=0

Compilation events (20 events):
Event: 1.223 Thread 0x0000022da578bbd0 nmethod 694 0x0000022d9468fe90 code [0x0000022d94690080, 0x0000022d94690508]
Event: 1.223 Thread 0x0000022da578bbd0  695       3       jdk.internal.misc.Unsafe::convEndian (16 bytes)
Event: 1.223 Thread 0x0000022da578bbd0 nmethod 695 0x0000022d94690690 code [0x0000022d94690840, 0x0000022d94690a00]
Event: 1.223 Thread 0x0000022da578bbd0  696       3       jdk.internal.misc.Unsafe::getIntUnaligned (12 bytes)
Event: 1.223 Thread 0x0000022da578bbd0 nmethod 696 0x0000022d94690a90 code [0x0000022d94690c40, 0x0000022d94690e98]
Event: 1.223 Thread 0x0000022da578bbd0  698       3       java.lang.invoke.VarHandleGuards::guard_LI_I (78 bytes)
Event: 1.225 Thread 0x0000022da578bbd0 nmethod 698 0x0000022d94690f90 code [0x0000022d946912c0, 0x0000022d94692b08]
Event: 1.225 Thread 0x0000022da578bbd0  699       3       java.lang.invoke.VarForm::getMemberName (31 bytes)
Event: 1.225 Thread 0x0000022da578bbd0 nmethod 699 0x0000022d94693210 code [0x0000022d946933e0, 0x0000022d94693670]
Event: 1.225 Thread 0x0000022da578bbd0  700       3       java.lang.invoke.VarHandleByteArrayAsInts$ArrayHandle::index (12 bytes)
Event: 1.225 Thread 0x0000022da578bbd0 nmethod 700 0x0000022d94693790 code [0x0000022d94693940, 0x0000022d94693a88]
Event: 1.225 Thread 0x0000022da578bbd0  701       3       java.lang.invoke.VarHandleByteArrayAsInts$ArrayHandle::get (36 bytes)
Event: 1.226 Thread 0x0000022da578bbd0 nmethod 701 0x0000022d94693b90 code [0x0000022d94693d60, 0x0000022d94694138]
Event: 1.226 Thread 0x0000022da578bbd0  702       3       java.lang.invoke.VarHandle::checkAccessModeThenIsDirect (29 bytes)
Event: 1.226 Thread 0x0000022da578bbd0 nmethod 702 0x0000022d94694310 code [0x0000022d94694520, 0x0000022d94694d88]
Event: 1.226 Thread 0x0000022da578bbd0  703       3       java.lang.invoke.VarHandle::accessModeType (41 bytes)
Event: 1.227 Thread 0x0000022da578bbd0 nmethod 703 0x0000022d94695090 code [0x0000022d94695280, 0x0000022d946959b0]
Event: 1.227 Thread 0x0000022da578bbd0  697       1       java.lang.invoke.MethodHandleImpl::isCompileConstant (2 bytes)
Event: 1.227 Thread 0x0000022da578bbd0 nmethod 697 0x0000022d9c09be10 code [0x0000022d9c09bfa0, 0x0000022d9c09c048]
Event: 1.242 Thread 0x0000022da578bbd0  705   !   3       java.lang.String::<init> (890 bytes)

GC Heap History (0 events):
No events

Dll operation events (8 events):
Event: 0.012 Loaded shared library c:\Users\Subash\.vscode\extensions\redhat.java-1.42.0-win32-x64\jre\21.0.7-win32-x86_64\bin\java.dll
Event: 0.300 Loaded shared library c:\Users\Subash\.vscode\extensions\redhat.java-1.42.0-win32-x64\jre\21.0.7-win32-x86_64\bin\zip.dll
Event: 0.394 Loaded shared library C:\Users\Subash\.vscode\extensions\redhat.java-1.42.0-win32-x64\jre\21.0.7-win32-x86_64\bin\instrument.dll
Event: 0.403 Loaded shared library C:\Users\Subash\.vscode\extensions\redhat.java-1.42.0-win32-x64\jre\21.0.7-win32-x86_64\bin\net.dll
Event: 0.405 Loaded shared library C:\Users\Subash\.vscode\extensions\redhat.java-1.42.0-win32-x64\jre\21.0.7-win32-x86_64\bin\nio.dll
Event: 0.409 Loaded shared library C:\Users\Subash\.vscode\extensions\redhat.java-1.42.0-win32-x64\jre\21.0.7-win32-x86_64\bin\zip.dll
Event: 0.465 Loaded shared library C:\Users\Subash\.vscode\extensions\redhat.java-1.42.0-win32-x64\jre\21.0.7-win32-x86_64\bin\jimage.dll
Event: 0.687 Loaded shared library c:\Users\Subash\.vscode\extensions\redhat.java-1.42.0-win32-x64\jre\21.0.7-win32-x86_64\bin\verify.dll

Deoptimization events (20 events):
Event: 0.953 Thread 0x0000022d9139be80 DEOPT PACKING pc=0x0000022d945d5ad8 sp=0x000000a7bc9fa370
Event: 0.953 Thread 0x0000022d9139be80 DEOPT UNPACKING pc=0x0000022d9bb178e2 sp=0x000000a7bc9f9830 mode 0
Event: 0.954 Thread 0x0000022d9139be80 DEOPT PACKING pc=0x0000022d945d5ad8 sp=0x000000a7bc9fa6e0
Event: 0.954 Thread 0x0000022d9139be80 DEOPT UNPACKING pc=0x0000022d9bb178e2 sp=0x000000a7bc9f9ba0 mode 0
Event: 0.955 Thread 0x0000022d9139be80 DEOPT PACKING pc=0x0000022d945d5ad8 sp=0x000000a7bc9f9fa0
Event: 0.955 Thread 0x0000022d9139be80 DEOPT UNPACKING pc=0x0000022d9bb178e2 sp=0x000000a7bc9f9460 mode 0
Event: 0.989 Thread 0x0000022d9139be80 DEOPT PACKING pc=0x0000022d945d5ad8 sp=0x000000a7bc9fa9c0
Event: 0.989 Thread 0x0000022d9139be80 DEOPT UNPACKING pc=0x0000022d9bb178e2 sp=0x000000a7bc9f9e80 mode 0
Event: 1.116 Thread 0x0000022d9139be80 Uncommon trap: trap_request=0xffffff45 fr.pc=0x0000022d9c0904ec relative=0x000000000000014c
Event: 1.116 Thread 0x0000022d9139be80 Uncommon trap: reason=unstable_if action=reinterpret pc=0x0000022d9c0904ec method=jdk.internal.util.ArraysSupport.vectorizedHashCode(Ljava/lang/Object;IIII)I @ 2 c2
Event: 1.116 Thread 0x0000022d9139be80 DEOPT PACKING pc=0x0000022d9c0904ec sp=0x000000a7bc9fc870
Event: 1.116 Thread 0x0000022d9139be80 DEOPT UNPACKING pc=0x0000022d9bb16da2 sp=0x000000a7bc9fc820 mode 2
Event: 1.129 Thread 0x0000022d9139be80 Uncommon trap: trap_request=0xffffff45 fr.pc=0x0000022d9c082474 relative=0x00000000000000d4
Event: 1.129 Thread 0x0000022d9139be80 Uncommon trap: reason=unstable_if action=reinterpret pc=0x0000022d9c082474 method=java.net.URI.match(CJJ)Z @ 45 c2
Event: 1.129 Thread 0x0000022d9139be80 DEOPT PACKING pc=0x0000022d9c082474 sp=0x000000a7bc9fcb10
Event: 1.129 Thread 0x0000022d9139be80 DEOPT UNPACKING pc=0x0000022d9bb16da2 sp=0x000000a7bc9fca78 mode 2
Event: 1.205 Thread 0x0000022d9139be80 Uncommon trap: trap_request=0xffffff45 fr.pc=0x0000022d9c081b1c relative=0x000000000000017c
Event: 1.205 Thread 0x0000022d9139be80 Uncommon trap: reason=unstable_if action=reinterpret pc=0x0000022d9c081b1c method=java.lang.StringUTF16.compress([CI[BII)I @ 20 c2
Event: 1.205 Thread 0x0000022d9139be80 DEOPT PACKING pc=0x0000022d9c081b1c sp=0x000000a7bc9fb580
Event: 1.205 Thread 0x0000022d9139be80 DEOPT UNPACKING pc=0x0000022d9bb16da2 sp=0x000000a7bc9fb4f0 mode 2

Classes loaded (20 events):
Event: 1.209 Loading class sun/security/rsa/RSACore
Event: 1.209 Loading class sun/security/rsa/RSACore done
Event: 1.209 Loading class sun/security/rsa/RSAPadding
Event: 1.210 Loading class sun/security/rsa/RSAPadding done
Event: 1.210 Loading class java/math/MutableBigInteger
Event: 1.211 Loading class java/math/MutableBigInteger done
Event: 1.221 Loading class sun/security/provider/certpath/X509CertPath
Event: 1.222 Loading class java/security/cert/CertPath
Event: 1.222 Loading class java/security/cert/CertPath done
Event: 1.222 Loading class sun/security/provider/certpath/X509CertPath done
Event: 1.222 Loading class sun/security/timestamp/TimestampToken
Event: 1.222 Loading class sun/security/timestamp/TimestampToken done
Event: 1.223 Loading class java/security/Timestamp
Event: 1.223 Loading class java/security/Timestamp done
Event: 1.242 Loading class java/security/CodeSigner
Event: 1.242 Loading class java/security/CodeSigner done
Event: 1.242 Loading class sun/security/util/JarConstraintsParameters
Event: 1.243 Loading class sun/security/util/ConstraintsParameters
Event: 1.243 Loading class sun/security/util/ConstraintsParameters done
Event: 1.243 Loading class sun/security/util/JarConstraintsParameters done

Classes unloaded (0 events):
No events

Classes redefined (0 events):
No events

Internal exceptions (12 events):
Event: 0.294 Thread 0x0000022d9139be80 Exception <a 'java/lang/NoSuchMethodError'{0x00000000ead29f78}: 'void java.lang.invoke.DirectMethodHandle$Holder.invokeStatic(java.lang.Object, java.lang.Object, java.lang.Object)'> (0x00000000ead29f78) 
thrown [s\src\hotspot\share\interpreter\linkResolver.cpp, line 773]
Event: 0.458 Thread 0x0000022d9139be80 Exception <a 'java/lang/NoSuchMethodError'{0x00000000eae920a8}: 'java.lang.Object java.lang.invoke.Invokers$Holder.invokeExact_MT(java.lang.Object, java.lang.Object, java.lang.Object, java.lang.Object, java.lang.Object)'> (0x00000000eae920a8) 
thrown [s\src\hotspot\share\interpreter\linkResolver.cpp, line 773]
Event: 0.603 Thread 0x0000022d9139be80 Exception <a 'java/lang/NoSuchMethodError'{0x00000000eaf4bd30}: 'int java.lang.invoke.DirectMethodHandle$Holder.invokeSpecial(java.lang.Object, java.lang.Object, java.lang.Object, int)'> (0x00000000eaf4bd30) 
thrown [s\src\hotspot\share\interpreter\linkResolver.cpp, line 773]
Event: 0.605 Thread 0x0000022d9139be80 Exception <a 'java/lang/NoSuchMethodError'{0x00000000eaf5e718}: 'java.lang.Object java.lang.invoke.DirectMethodHandle$Holder.invokeStatic(java.lang.Object, java.lang.Object, java.lang.Object, java.lang.Object, int)'> (0x00000000eaf5e718) 
thrown [s\src\hotspot\share\interpreter\linkResolver.cpp, line 773]
Event: 0.607 Thread 0x0000022d9139be80 Exception <a 'java/lang/NoSuchMethodError'{0x00000000eaf69b58}: 'void java.lang.invoke.DelegatingMethodHandle$Holder.reinvoke_L(java.lang.Object, java.lang.Object, java.lang.Object, int, java.lang.Object)'> (0x00000000eaf69b58) 
thrown [s\src\hotspot\share\interpreter\linkResolver.cpp, line 773]
Event: 0.610 Thread 0x0000022d9139be80 Exception <a 'java/lang/NoSuchMethodError'{0x00000000eaf7a4a8}: 'int java.lang.invoke.DirectMethodHandle$Holder.invokeSpecial(java.lang.Object, java.lang.Object, java.lang.Object)'> (0x00000000eaf7a4a8) 
thrown [s\src\hotspot\share\interpreter\linkResolver.cpp, line 773]
Event: 0.613 Thread 0x0000022d9139be80 Exception <a 'java/lang/NoSuchMethodError'{0x00000000eaf86168}: 'java.lang.Object java.lang.invoke.DirectMethodHandle$Holder.invokeStatic(java.lang.Object, java.lang.Object, int)'> (0x00000000eaf86168) 
thrown [s\src\hotspot\share\interpreter\linkResolver.cpp, line 773]
Event: 0.614 Thread 0x0000022d9139be80 Exception <a 'java/lang/NoSuchMethodError'{0x00000000eaf8aab8}: 'void java.lang.invoke.DirectMethodHandle$Holder.invokeStatic(java.lang.Object, java.lang.Object, int, java.lang.Object)'> (0x00000000eaf8aab8) 
thrown [s\src\hotspot\share\interpreter\linkResolver.cpp, line 773]
Event: 0.617 Thread 0x0000022d9139be80 Exception <a 'java/lang/NoSuchMethodError'{0x00000000eaf8e648}: 'void java.lang.invoke.DirectMethodHandle$Holder.invokeSpecial(java.lang.Object, java.lang.Object, java.lang.Object, int, java.lang.Object)'> (0x00000000eaf8e648) 
thrown [s\src\hotspot\share\interpreter\linkResolver.cpp, line 773]
Event: 0.618 Thread 0x0000022d9139be80 Exception <a 'java/lang/NoSuchMethodError'{0x00000000eaf91ab8}: 'void java.lang.invoke.DelegatingMethodHandle$Holder.delegate(java.lang.Object, java.lang.Object, int, java.lang.Object)'> (0x00000000eaf91ab8) 
thrown [s\src\hotspot\share\interpreter\linkResolver.cpp, line 773]
Event: 0.761 Thread 0x0000022d9139be80 Exception <a 'java/lang/NoSuchMethodError'{0x00000000eb14eaa0}: 'void java.lang.invoke.DelegatingMethodHandle$Holder.reinvoke_L(java.lang.Object, java.lang.Object, java.lang.Object, int)'> (0x00000000eb14eaa0) 
thrown [s\src\hotspot\share\interpreter\linkResolver.cpp, line 773]
Event: 1.104 Thread 0x0000022d9139be80 Exception <a 'java/lang/NoSuchMethodError'{0x00000000eb5d6910}: 'void java.lang.invoke.DirectMethodHandle$Holder.invokeVirtual(java.lang.Object, java.lang.Object)'> (0x00000000eb5d6910) 
thrown [s\src\hotspot\share\interpreter\linkResolver.cpp, line 773]

ZGC Phase Switch (0 events):
No events

VM Operations (4 events):
Event: 0.298 Executing VM operation: HandshakeAllThreads (Deoptimize)
Event: 0.298 Executing VM operation: HandshakeAllThreads (Deoptimize) done
Event: 0.485 Executing VM operation: HandshakeAllThreads (Deoptimize)
Event: 0.485 Executing VM operation: HandshakeAllThreads (Deoptimize) done

Memory protections (0 events):
No events

Nmethod flushes (0 events):
No events

Events (13 events):
Event: 0.062 Thread 0x0000022d9139be80 Thread added: 0x0000022d9139be80
Event: 0.209 Thread 0x0000022d9139be80 Thread added: 0x0000022da574b7b0
Event: 0.209 Thread 0x0000022d9139be80 Thread added: 0x0000022da574cfb0
Event: 0.209 Thread 0x0000022d9139be80 Thread added: 0x0000022da574e790
Event: 0.210 Thread 0x0000022d9139be80 Thread added: 0x0000022da574f950
Event: 0.210 Thread 0x0000022d9139be80 Thread added: 0x0000022da5754530
Event: 0.210 Thread 0x0000022d9139be80 Thread added: 0x0000022da5755f90
Event: 0.210 Thread 0x0000022d9139be80 Thread added: 0x0000022da57591e0
Event: 0.223 Thread 0x0000022d9139be80 Thread added: 0x0000022da578bbd0
Event: 0.271 Thread 0x0000022d9139be80 Thread added: 0x0000022de82d5e10
Event: 0.681 Thread 0x0000022da578bbd0 Thread added: 0x0000022de84451f0
Event: 0.914 Thread 0x0000022de84451f0 Thread exited: 0x0000022de84451f0
Event: 0.940 Thread 0x0000022d9139be80 Thread added: 0x0000022de850dc20


Dynamic libraries:
0x00007ff7a0770000 - 0x00007ff7a077e000 	c:\Users\Subash\.vscode\extensions\redhat.java-1.42.0-win32-x64\jre\21.0.7-win32-x86_64\bin\java.exe
0x00007ffff8830000 - 0x00007ffff8a47000 	C:\Windows\SYSTEM32\ntdll.dll
0x00007ffff7980000 - 0x00007ffff7a44000 	C:\Windows\System32\KERNEL32.DLL
0x00007ffff5cf0000 - 0x00007ffff60c3000 	C:\Windows\System32\KERNELBASE.dll
0x00007ffff5940000 - 0x00007ffff5a51000 	C:\Windows\System32\ucrtbase.dll
0x00007fffe7fb0000 - 0x00007fffe7fc8000 	c:\Users\Subash\.vscode\extensions\redhat.java-1.42.0-win32-x64\jre\21.0.7-win32-x86_64\bin\jli.dll
0x00007ffff6ef0000 - 0x00007ffff70a1000 	C:\Windows\System32\USER32.dll
0x00007ffff6170000 - 0x00007ffff6196000 	C:\Windows\System32\win32u.dll
0x00007ffff78a0000 - 0x00007ffff78c9000 	C:\Windows\System32\GDI32.dll
0x00007ffff5a60000 - 0x00007ffff5b7b000 	C:\Windows\System32\gdi32full.dll
0x00007ffff60d0000 - 0x00007ffff616a000 	C:\Windows\System32\msvcp_win.dll
0x00007fffde220000 - 0x00007fffde23e000 	c:\Users\Subash\.vscode\extensions\redhat.java-1.42.0-win32-x64\jre\21.0.7-win32-x86_64\bin\VCRUNTIME140.dll
0x00007fffdeff0000 - 0x00007fffdf288000 	C:\Windows\WinSxS\amd64_microsoft.windows.common-controls_6595b64144ccf1df_6.0.22621.5124_none_270e8f4f7386d69d\COMCTL32.dll
0x00007ffff70d0000 - 0x00007ffff7177000 	C:\Windows\System32\msvcrt.dll
0x00007ffff7940000 - 0x00007ffff7971000 	C:\Windows\System32\IMM32.DLL
0x00007fffdc480000 - 0x00007fffdc48c000 	c:\Users\Subash\.vscode\extensions\redhat.java-1.42.0-win32-x64\jre\21.0.7-win32-x86_64\bin\vcruntime140_1.dll
0x00007fffc9d50000 - 0x00007fffc9ddd000 	c:\Users\Subash\.vscode\extensions\redhat.java-1.42.0-win32-x64\jre\21.0.7-win32-x86_64\bin\msvcp140.dll
0x00007fffb0310000 - 0x00007fffb10a0000 	c:\Users\Subash\.vscode\extensions\redhat.java-1.42.0-win32-x64\jre\21.0.7-win32-x86_64\bin\server\jvm.dll
0x00007ffff7350000 - 0x00007ffff7401000 	C:\Windows\System32\ADVAPI32.dll
0x00007ffff8070000 - 0x00007ffff8118000 	C:\Windows\System32\sechost.dll
0x00007ffff6260000 - 0x00007ffff6288000 	C:\Windows\System32\bcrypt.dll
0x00007ffff64d0000 - 0x00007ffff65e4000 	C:\Windows\System32\RPCRT4.dll
0x00007ffff7fe0000 - 0x00007ffff8051000 	C:\Windows\System32\WS2_32.dll
0x00007ffff47c0000 - 0x00007ffff480d000 	C:\Windows\SYSTEM32\POWRPROF.dll
0x00007fffed9c0000 - 0x00007fffed9f4000 	C:\Windows\SYSTEM32\WINMM.dll
0x00007fffecf20000 - 0x00007fffecf2a000 	C:\Windows\SYSTEM32\VERSION.dll
0x00007ffff47a0000 - 0x00007ffff47b3000 	C:\Windows\SYSTEM32\UMPDC.dll
0x00007ffff4a60000 - 0x00007ffff4a78000 	C:\Windows\SYSTEM32\kernel.appcore.dll
0x00007fffdc470000 - 0x00007fffdc47a000 	c:\Users\Subash\.vscode\extensions\redhat.java-1.42.0-win32-x64\jre\21.0.7-win32-x86_64\bin\jimage.dll
0x00007ffff3220000 - 0x00007ffff3452000 	C:\Windows\SYSTEM32\DBGHELP.DLL
0x00007ffff7410000 - 0x00007ffff77a2000 	C:\Windows\System32\combase.dll
0x00007ffff77c0000 - 0x00007ffff7897000 	C:\Windows\System32\OLEAUT32.dll
0x00007fffd4440000 - 0x00007fffd4472000 	C:\Windows\SYSTEM32\dbgcore.DLL
0x00007ffff63d0000 - 0x00007ffff644b000 	C:\Windows\System32\bcryptPrimitives.dll
0x00007fffdc460000 - 0x00007fffdc46f000 	c:\Users\Subash\.vscode\extensions\redhat.java-1.42.0-win32-x64\jre\21.0.7-win32-x86_64\bin\instrument.dll
0x00007fffdc440000 - 0x00007fffdc45f000 	c:\Users\Subash\.vscode\extensions\redhat.java-1.42.0-win32-x64\jre\21.0.7-win32-x86_64\bin\java.dll
0x00007ffff65f0000 - 0x00007ffff6e86000 	C:\Windows\System32\SHELL32.dll
0x00007ffff6290000 - 0x00007ffff63cf000 	C:\Windows\System32\wintypes.dll
0x00007ffff3860000 - 0x00007ffff417a000 	C:\Windows\SYSTEM32\windows.storage.dll
0x00007ffff8350000 - 0x00007ffff845a000 	C:\Windows\System32\SHCORE.dll
0x00007ffff78d0000 - 0x00007ffff7933000 	C:\Windows\System32\shlwapi.dll
0x00007ffff5870000 - 0x00007ffff589b000 	C:\Windows\SYSTEM32\profapi.dll
0x00007fffdc420000 - 0x00007fffdc438000 	c:\Users\Subash\.vscode\extensions\redhat.java-1.42.0-win32-x64\jre\21.0.7-win32-x86_64\bin\zip.dll
0x00007fffdc410000 - 0x00007fffdc420000 	C:\Users\Subash\.vscode\extensions\redhat.java-1.42.0-win32-x64\jre\21.0.7-win32-x86_64\bin\net.dll
0x00007ffff16b0000 - 0x00007ffff17dc000 	C:\Windows\SYSTEM32\WINHTTP.dll
0x00007ffff4ee0000 - 0x00007ffff4f4a000 	C:\Windows\system32\mswsock.dll
0x00007fffdc380000 - 0x00007fffdc396000 	C:\Users\Subash\.vscode\extensions\redhat.java-1.42.0-win32-x64\jre\21.0.7-win32-x86_64\bin\nio.dll
0x00007fffdc400000 - 0x00007fffdc410000 	c:\Users\Subash\.vscode\extensions\redhat.java-1.42.0-win32-x64\jre\21.0.7-win32-x86_64\bin\verify.dll

dbghelp: loaded successfully - version: 4.0.5 - missing functions: none
symbol engine: initialized successfully - sym options: 0x614 - pdb path: .;c:\Users\Subash\.vscode\extensions\redhat.java-1.42.0-win32-x64\jre\21.0.7-win32-x86_64\bin;C:\Windows\SYSTEM32;C:\Windows\WinSxS\amd64_microsoft.windows.common-controls_6595b64144ccf1df_6.0.22621.5124_none_270e8f4f7386d69d;c:\Users\Subash\.vscode\extensions\redhat.java-1.42.0-win32-x64\jre\21.0.7-win32-x86_64\bin\server

VM Arguments:
jvm_args: --add-modules=ALL-SYSTEM --add-opens=java.base/java.util=ALL-UNNAMED --add-opens=java.base/java.lang=ALL-UNNAMED --add-opens=java.base/sun.nio.fs=ALL-UNNAMED -Declipse.application=org.eclipse.jdt.ls.core.id1 -Dosgi.bundles.defaultStartLevel=4 -Declipse.product=org.eclipse.jdt.ls.core.product -Djava.import.generatesMetadataFilesAtProjectRoot=false -DDetectVMInstallationsJob.disabled=true -Dfile.encoding=utf8 -XX:+UseParallelGC -XX:GCTimeRatio=4 -XX:AdaptiveSizePolicyWeight=90 -Dsun.zip.disableMemoryMapping=true -Xmx1G -Xms100m -Xlog:disable -javaagent:c:\Users\Subash\.vscode\extensions\redhat.java-1.42.0-win32-x64\lombok\lombok-1.18.36.jar 
java_command: c:\Users\Subash\.vscode\extensions\redhat.java-1.42.0-win32-x64\server\plugins\org.eclipse.equinox.launcher_1.7.0.v20250424-1814.jar -configuration c:\Users\Subash\AppData\Roaming\Code\User\globalStorage\redhat.java\1.42.0\config_ss_win -data c:\Users\Subash\AppData\Roaming\Code\User\workspaceStorage\afb1d6bb405f97b6831364cd80ed9656\redhat.java\ss_ws --pipe=\\.\pipe\lsp-25a9c765556203c4722be7724ff99342-sock
java_class_path (initial): c:\Users\Subash\.vscode\extensions\redhat.java-1.42.0-win32-x64\server\plugins\org.eclipse.equinox.launcher_1.7.0.v20250424-1814.jar
Launcher Type: SUN_STANDARD

[Global flags]
    uintx AdaptiveSizePolicyWeight                 = 90                                        {product} {command line}
     intx CICompilerCount                          = 4                                         {product} {ergonomic}
    uintx GCTimeRatio                              = 4                                         {product} {command line}
   size_t InitialHeapSize                          = 104857600                                 {product} {command line}
   size_t MaxHeapSize                              = 1073741824                                {product} {command line}
   size_t MaxNewSize                               = 357564416                                 {product} {ergonomic}
   size_t MinHeapDeltaBytes                        = 524288                                    {product} {ergonomic}
   size_t MinHeapSize                              = 104857600                                 {product} {command line}
   size_t NewSize                                  = 34603008                                  {product} {ergonomic}
    uintx NonNMethodCodeHeapSize                   = 5839372                                {pd product} {ergonomic}
    uintx NonProfiledCodeHeapSize                  = 122909434                              {pd product} {ergonomic}
   size_t OldSize                                  = 70254592                                  {product} {ergonomic}
    uintx ProfiledCodeHeapSize                     = 122909434                              {pd product} {ergonomic}
    uintx ReservedCodeCacheSize                    = 251658240                              {pd product} {ergonomic}
     bool SegmentedCodeCache                       = true                                      {product} {ergonomic}
   size_t SoftMaxHeapSize                          = 1073741824                             {manageable} {ergonomic}
     bool UseCompressedOops                        = true                           {product lp64_product} {ergonomic}
     bool UseLargePagesIndividualAllocation        = false                                  {pd product} {ergonomic}
     bool UseParallelGC                            = true                                      {product} {command line}

Logging:
Log output configuration:
 #0: stdout all=off uptime,level,tags foldmultilines=false
 #1: stderr all=off uptime,level,tags foldmultilines=false

Environment Variables:
PATH=C:\Program Files\Common Files\Oracle\Java\javapath;C:\Windows\system32;C:\Windows;C:\Windows\System32\Wbem;C:\Windows\System32\WindowsPowerShell\v1.0\;C:\Windows\System32\OpenSSH\;C:\Program Files\dotnet\;D:\Program Files\Git\Git\cmd;C:\Users\Subash\AppData\Local\Programs\Python\Python310\Scripts\;C:\Users\Subash\AppData\Local\Programs\Python\Python310\;C:\Users\Subash\AppData\Local\Microsoft\WindowsApps;D:\Program Files\VSCode\Microsoft VS Code\bin
USERNAME=Subash
OS=Windows_NT
PROCESSOR_IDENTIFIER=Intel64 Family 6 Model 140 Stepping 1, GenuineIntel
TMP=C:\Users\Subash\AppData\Local\Temp
TEMP=C:\Users\Subash\AppData\Local\Temp




Periodic native trim disabled

---------------  S Y S T E M  ---------------

OS:
 Windows 11 , 64 bit Build 22621 (10.0.22621.5124)
OS uptime: 0 days 15:19 hours

CPU: total 8 (initial active 8) (4 cores per cpu, 2 threads per core) family 6 model 140 stepping 1 microcode 0x9a, cx8, cmov, fxsr, ht, mmx, 3dnowpref, sse, sse2, sse3, ssse3, sse4.1, sse4.2, popcnt, lzcnt, tsc, tscinvbit, avx, avx2, aes, erms, clmul, bmi1, bmi2, adx, avx512f, avx512dq, avx512cd, avx512bw, avx512vl, sha, fma, vzeroupper, avx512_vpopcntdq, avx512_vpclmulqdq, avx512_vaes, avx512_vnni, clflush, clflushopt, clwb, avx512_vbmi2, avx512_vbmi, rdtscp, rdpid, fsrm, gfni, avx512_bitalg, f16c, pku, cet_ibt, cet_ss, avx512_ifma
Processor Information for the first 8 processors :
  Max Mhz: 2419, Current Mhz: 2419, Mhz Limit: 2419

Memory: 4k page, system-wide physical 7885M (359M free)
TotalPageFile size 20668M (AvailPageFile size 20M)
current process WorkingSet (physical memory assigned to process): 59M, peak: 59M
current process commit charge ("private bytes"): 195M, peak: 195M

vm_info: OpenJDK 64-Bit Server VM (21.0.7+6-LTS) for windows-amd64 JRE (21.0.7+6-LTS), built on 2025-04-15T00:00:00Z by "admin" with MS VC++ 17.7 (VS2022)

END.
